<?xml version="1.0" encoding="UTF-8"?>
<!-- Generated by org.testng.reporters.JUnitReportReporter -->
<testsuite hostname="Aryan" failures="0" tests="3" name="day4.headers_demo" time="5.804" errors="0" timestamp="2023-02-27T14:38:04 PST" skipped="0">
  <testcase classname="day4.headers_demo" name="testHeaders" time="5.203"/>
  <system-out/>
  <testcase classname="day4.headers_demo" name="getSingleHeader" time="0.289"/>
  <system-out/>
  <testcase classname="day4.headers_demo" name="getMultipleHeaders" time="0.312"/>
  <system-out/>
</testsuite> <!-- day4.headers_demo -->
