<?xml version="1.0" encoding="UTF-8"?>
<!-- Generated by org.testng.reporters.JUnitReportReporter -->
<testsuite hostname="Aryan" failures="0" tests="1" name="day7.deleteUser" time="0.504" errors="0" timestamp="2023-03-05T11:30:53 PST" skipped="0">
  <testcase classname="day7.deleteUser" name="deleteUser" time="0.504"/>
  <system-out/>
</testsuite> <!-- day7.deleteUser -->
