<?xml version="1.0" encoding="UTF-8"?>
<!-- Generated by org.testng.reporters.JUnitReportReporter -->
<testsuite hostname="Aryan" failures="0" tests="1" name="day1.HttpRequests" time="7.902" errors="0" timestamp="2023-03-05T11:32:04 PST" skipped="0">
  <testcase classname="day1.HttpRequests" name="getUser" time="7.902"/>
  <system-out/>
</testsuite> <!-- day1.HttpRequests -->
