<?xml version="1.0" encoding="UTF-8"?>
<!-- Generated by org.testng.reporters.JUnitReportReporter -->
<testsuite hostname="Aryan" failures="0" tests="1" name="day7.updateUser" time="1.511" errors="0" timestamp="2023-03-05T11:30:53 PST" skipped="0">
  <testcase classname="day7.updateUser" name="testUpdateUser" time="1.511"/>
  <system-out/>
</testsuite> <!-- day7.updateUser -->
