<?xml version="1.0" encoding="UTF-8"?>
<!-- Generated by org.testng.reporters.JUnitReportReporter -->
<testsuite hostname="Aryan" failures="0" tests="1" name="day7.createUser" time="34.675" errors="0" timestamp="2023-03-05T11:30:53 PST" skipped="0">
  <testcase classname="day7.createUser" name="testCreateUser" time="34.675"/>
  <system-out/>
</testsuite> <!-- day7.createUser -->
