<?xml version="1.0" encoding="UTF-8"?>
<!-- Generated by org.testng.reporters.JUnitReportReporter -->
<testsuite hostname="Aryan" failures="0" tests="1" name="day6.xmlSchemaValidator" time="5.993" errors="0" timestamp="2023-03-02T14:25:13 PST" skipped="0">
  <testcase classname="day6.xmlSchemaValidator" name="xmlSchemaValidator" time="5.993"/>
  <system-out/>
</testsuite> <!-- day6.xmlSchemaValidator -->
