<?xml version="1.0" encoding="UTF-8"?>
<!-- Generated by org.testng.reporters.JUnitReportReporter -->
<testsuite hostname="Aryan" failures="0" tests="2" name="day2.waysToCreatePostRequestBody" time="7.597" errors="0" timestamp="2023-02-28T13:14:18 PST" skipped="0">
  <testcase classname="day2.waysToCreatePostRequestBody" name="testPostUsingexternalJsonFile" time="6.993"/>
  <system-out/>
  <testcase classname="day2.waysToCreatePostRequestBody" name="testDelete" time="0.604"/>
  <system-out/>
</testsuite> <!-- day2.waysToCreatePostRequestBody -->
