<?xml version="1.0" encoding="UTF-8"?>
<!-- Generated by org.testng.reporters.JUnitReportReporter -->
<testsuite hostname="Aryan" failures="0" tests="1" name="day5.parsingJsonResponse" time="5.356" errors="0" timestamp="2023-03-02T14:10:12 PST" skipped="0">
  <testcase classname="day5.parsingJsonResponse" name="testJsonResponse" time="5.356"/>
  <system-out/>
</testsuite> <!-- day5.parsingJsonResponse -->
