<?xml version="1.0" encoding="UTF-8"?>
<!-- Generated by org.testng.reporters.JUnitReportReporter -->
<testsuite hostname="Aryan" failures="0" tests="1" name="day6.jsonSchemaValidation" time="11.094" errors="0" timestamp="2023-03-02T14:17:41 PST" skipped="0">
  <testcase classname="day6.jsonSchemaValidation" name="jsonSchemaValidation" time="11.094"/>
  <system-out/>
</testsuite> <!-- day6.jsonSchemaValidation -->
