<?xml version="1.0" encoding="UTF-8"?>
<!-- Generated by org.testng.reporters.JUnitReportReporter -->
<testsuite hostname="Aryan" failures="0" tests="1" name="day6.serializationAndDeserialization" time="0.818" errors="0" timestamp="2023-03-02T14:57:16 PST" skipped="0">
  <testcase classname="day6.serializationAndDeserialization" name="deserilization" time="0.818"/>
  <system-out/>
</testsuite> <!-- day6.serializationAndDeserialization -->
