<?xml version="1.0" encoding="UTF-8"?>
<!-- Generated by org.testng.reporters.JUnitReportReporter -->
<testsuite hostname="Aryan" failures="0" tests="1" name="day5.parsingXMLResponse" time="8.855" errors="0" timestamp="2023-03-02T14:21:09 PST" skipped="0">
  <testcase classname="day5.parsingXMLResponse" name="testXMLResponse" time="8.855"/>
  <system-out/>
</testsuite> <!-- day5.parsingXMLResponse -->
