<?xml version="1.0" encoding="UTF-8"?>
<!-- Generated by org.testng.reporters.JUnitReportReporter -->
<testsuite hostname="Aryan" failures="0" tests="1" name="day4.pathAndQuerrParameters" time="5.465" errors="0" timestamp="2023-03-02T14:00:44 PST" skipped="0">
  <testcase classname="day4.pathAndQuerrParameters" name="testQueryAndPathParameters" time="5.465"/>
  <system-out/>
</testsuite> <!-- day4.pathAndQuerrParameters -->
